<?xml version="1.0" encoding="UTF-8"?>
<!-- Generated by org.testng.reporters.JUnitXMLReporter -->
<testsuite hostname="DESKTOP-53BGUAJ" ignored="0" name="Surefire test" tests="2" failures="1" timestamp="2022-04-16T14:35:17 IST" time="56.75" errors="0">
  <testcase name="runScenario" time="52.776" classname="io.cucumber.testng.AbstractTestNGCucumberTests"/>
  <testcase name="runScenario" time="52.815" classname="io.cucumber.testng.AbstractTestNGCucumberTests">
    <failure type="java.lang.AssertionError" message="expected [Beetroot] but found [No data]">
      <![CDATA[java.lang.AssertionError: expected [Beetroot] but found [No data]
at stepDefinitions.OfferPageStepDefinition.validate_product_name_in_offers_page_matches_with_landing_page(OfferPageStepDefinition.java:64)
at ✽.validate product name in offers page matches with Landing Page(file:///C:/Users/ADMIN/eclipse-workspace/CucumberFramework/src/test/java/features/searchProduct.feature:15)
... Removed 6 stack frames]]>
    </failure>
  </testcase> <!-- runScenario -->
</testsuite> <!-- Surefire test -->
